Build started 31/03/2017 21:57:08.
     1>Project "C:\Users\Rowan\Desktop\My Scripts\C++ Script\AI Test 3\AI Test 3\AI Test 3.vcxproj" on node 2 (Build target(s)).
     1>ClCompile:
         C:\Program Files (x86)\Microsoft Visual Studio 14.0\VC\bin\CL.exe /c /ZI /nologo /W3 /WX- /sdl /Od /Oy- /D WIN32 /D _DEBUG /D _CONSOLE /D _UNICODE /D UNICODE /Gm /EHsc /RTC1 /MDd /GS /fp:precise /Zc:wchar_t /Zc:forScope /Zc:inline /Yc"stdafx.h" /Fp"Debug\AI Test 3.pch" /Fo"Debug\\" /Fd"Debug\vc140.pdb" /Gd /TP /analyze- /errorReport:prompt stdafx.cpp
         stdafx.cpp
         C:\Program Files (x86)\Microsoft Visual Studio 14.0\VC\bin\CL.exe /c /ZI /nologo /W3 /WX- /sdl /Od /Oy- /D WIN32 /D _DEBUG /D _CONSOLE /D _UNICODE /D UNICODE /Gm /EHsc /RTC1 /MDd /GS /fp:precise /Zc:wchar_t /Zc:forScope /Zc:inline /Yu"stdafx.h" /Fp"Debug\AI Test 3.pch" /Fo"Debug\\" /Fd"Debug\vc140.pdb" /Gd /TP /analyze- /errorReport:prompt "AI Test 3.cpp" Learner.cpp Voice.cpp
         Voice.cpp
     1>c:\users\rowan\desktop\my scripts\c++ script\ai test 3\ai test 3\voice.cpp(1): warning C4627: '#include "Voice.h"': skipped when looking for precompiled header use
         c:\users\rowan\desktop\my scripts\c++ script\ai test 3\ai test 3\voice.cpp(1): note: Add directive to 'stdafx.h' or rebuild precompiled header
     1>c:\users\rowan\desktop\my scripts\c++ script\ai test 3\ai test 3\voice.cpp(2): warning C4627: '#include <iostream>': skipped when looking for precompiled header use
         c:\users\rowan\desktop\my scripts\c++ script\ai test 3\ai test 3\voice.cpp(2): note: Add directive to 'stdafx.h' or rebuild precompiled header
     1>c:\users\rowan\desktop\my scripts\c++ script\ai test 3\ai test 3\voice.cpp(3): warning C4627: '#include <Windows.h>': skipped when looking for precompiled header use
         c:\users\rowan\desktop\my scripts\c++ script\ai test 3\ai test 3\voice.cpp(3): note: Add directive to 'stdafx.h' or rebuild precompiled header
     1>c:\users\rowan\desktop\my scripts\c++ script\ai test 3\ai test 3\voice.cpp(4): warning C4627: '#include <string>': skipped when looking for precompiled header use
         c:\users\rowan\desktop\my scripts\c++ script\ai test 3\ai test 3\voice.cpp(4): note: Add directive to 'stdafx.h' or rebuild precompiled header
     1>c:\users\rowan\desktop\my scripts\c++ script\ai test 3\ai test 3\voice.cpp(14): fatal error C1010: unexpected end of file while looking for precompiled header. Did you forget to add '#include "stdafx.h"' to your source?
         Learner.cpp
     1>c:\users\rowan\desktop\my scripts\c++ script\ai test 3\ai test 3\learner.cpp(1): warning C4627: '#include "Learner.h"': skipped when looking for precompiled header use
         c:\users\rowan\desktop\my scripts\c++ script\ai test 3\ai test 3\learner.cpp(1): note: Add directive to 'stdafx.h' or rebuild precompiled header
     1>c:\users\rowan\desktop\my scripts\c++ script\ai test 3\ai test 3\learner.cpp(2): warning C4627: '#include <iostream>': skipped when looking for precompiled header use
         c:\users\rowan\desktop\my scripts\c++ script\ai test 3\ai test 3\learner.cpp(2): note: Add directive to 'stdafx.h' or rebuild precompiled header
     1>c:\users\rowan\desktop\my scripts\c++ script\ai test 3\ai test 3\learner.cpp(3): warning C4627: '#include <fstream>': skipped when looking for precompiled header use
         c:\users\rowan\desktop\my scripts\c++ script\ai test 3\ai test 3\learner.cpp(3): note: Add directive to 'stdafx.h' or rebuild precompiled header
     1>c:\users\rowan\desktop\my scripts\c++ script\ai test 3\ai test 3\learner.cpp(4): warning C4627: '#include <string>': skipped when looking for precompiled header use
         c:\users\rowan\desktop\my scripts\c++ script\ai test 3\ai test 3\learner.cpp(4): note: Add directive to 'stdafx.h' or rebuild precompiled header
     1>c:\users\rowan\desktop\my scripts\c++ script\ai test 3\ai test 3\learner.cpp(41): fatal error C1010: unexpected end of file while looking for precompiled header. Did you forget to add '#include "stdafx.h"' to your source?
         AI Test 3.cpp
         Generating Code...
     1>Done Building Project "C:\Users\Rowan\Desktop\My Scripts\C++ Script\AI Test 3\AI Test 3\AI Test 3.vcxproj" (Build target(s)) -- FAILED.

Build FAILED.

Time Elapsed 00:00:11.64
