Build started 04/02/2017 14:04:23.
     1>Project "C:\Users\Rowan\Desktop\My Scripts\ASP.NET Scripts\AI Test 1\AI Test 1\AI Test 1.vcxproj" on node 2 (Build target(s)).
     1>Link:
         C:\Program Files (x86)\Microsoft Visual Studio 14.0\VC\bin\link.exe /ERRORREPORT:PROMPT /OUT:"C:\Users\Rowan\Desktop\My Scripts\ASP.NET Scripts\AI Test 1\Debug\AI Test 1.exe" /INCREMENTAL /NOLOGO kernel32.lib user32.lib gdi32.lib winspool.lib comdlg32.lib advapi32.lib shell32.lib ole32.lib oleaut32.lib uuid.lib odbc32.lib odbccp32.lib /MANIFEST /MANIFESTUAC:"level='asInvoker' uiAccess='false'" /manifest:embed /Debug /PDB:"C:\Users\Rowan\Desktop\My Scripts\ASP.NET Scripts\AI Test 1\Debug\AI Test 1.pdb" /SUBSYSTEM:CONSOLE /TLBID:1 /DYNAMICBASE /NXCOMPAT /IMPLIB:"C:\Users\Rowan\Desktop\My Scripts\ASP.NET Scripts\AI Test 1\Debug\AI Test 1.lib" /MACHINE:X86 "Debug\AI Test 1.obj"
         Debug\stdafx.obj
     1>LINK : fatal error LNK1168: cannot open C:\Users\Rowan\Desktop\My Scripts\ASP.NET Scripts\AI Test 1\Debug\AI Test 1.exe for writing
     1>Done Building Project "C:\Users\Rowan\Desktop\My Scripts\ASP.NET Scripts\AI Test 1\AI Test 1\AI Test 1.vcxproj" (Build target(s)) -- FAILED.

Build FAILED.

Time Elapsed 00:00:00.74
